<?xml version="1.0" encoding="UTF-8"?>
<!-- Generated by org.testng.reporters.JUnitReportReporter -->
<testsuite hostname="Atris-MacBook-Pro-2.local" failures="0" tests="5" name="com.oracle.qa.testetsngflow" time="13.617" errors="0" timestamp="31 Jul 2019 13:25:46 GMT" skipped="0">
  <testcase classname="com.oracle.qa.testetsngflow" name="testForm" time="2.442"/>
  <testcase classname="com.oracle.qa.testetsngflow" name="testForm" time="4.401"/>
  <testcase classname="com.oracle.qa.testetsngflow" name="testForm" time="2.348"/>
  <testcase classname="com.oracle.qa.testetsngflow" name="testForm" time="2.514"/>
  <testcase classname="com.oracle.qa.testetsngflow" name="testAutocomplete" time="1.912"/>
</testsuite> <!-- com.oracle.qa.testetsngflow -->
