<?xml version="1.0" encoding="UTF-8"?>
<!-- Generated by org.testng.reporters.JUnitReportReporter -->
<testsuite hostname="Atris-MacBook-Pro-2.local" failures="0" tests="2" name="com.oracle.qa.testetsngflow" time="6.724" errors="0" timestamp="30 Jul 2019 16:34:26 GMT" skipped="0">
  <testcase classname="com.oracle.qa.testetsngflow" name="testForm" time="5.134"/>
  <testcase classname="com.oracle.qa.testetsngflow" name="testAutocomplete" time="1.590"/>
</testsuite> <!-- com.oracle.qa.testetsngflow -->
