<?xml version="1.0" encoding="UTF-8"?>
<!-- Generated by org.testng.reporters.JUnitReportReporter -->
<testsuite hostname="Atris-MacBook-Pro-2.local" failures="0" tests="1" name="com.oracle.qa.ExtentReportDemo" time="1.278" errors="0" timestamp="31 Jul 2019 05:43:18 GMT" skipped="0">
  <testcase classname="com.oracle.qa.ExtentReportDemo" name="testreport" time="1.278"/>
</testsuite> <!-- com.oracle.qa.ExtentReportDemo -->
